============================================================================
| ACPYPE: AnteChamber PYthon Parser interfacE v. 2023.11.14 (c) 2024 AWSdS |
============================================================================
DEBUG: CLI: -i ligand_fixed.pdb -b ligand -o gmx
DEBUG: Python Version 3.10.12 (main, Jul 29 2024, 16:56:48) [GCC 11.4.0]
DEBUG: Max execution time tolerance is 3h
DEBUG: setResNameCheckCoords done
WARNING: no charge value given, trying to guess one...
DEBUG: guessCharge: '/home/bioinformatics/.local/bin/obabel' -ipdb 'ligand_fixed.pdb' -omol2 -O 'ligand.mol2'
DEBUG: 1 molecule converted
DEBUG: '/home/bioinformatics/.local/lib/python3.10/site-packages/acpype/amber_linux/bin/antechamber' -dr no -i '/home/bioinformatics/md_simulation/simu/.acpype_tmp_ligand/ligand.mol2' -fi mol2 -o tmp -fo mol2 -c gas -pf n
DEBUG: '/home/bioinformatics/.local/lib/python3.10/site-packages/acpype/amber_linux/bin/antechamber' -dr no -i 'tmp' -fi mol2 -o tmp -fo mol2 -c wc -cf tmp.crg -pf n
DEBUG: ++++++++++start_quote+++++++++++++++++++++++++++++++++++++++++++++++++++++++++++
DEBUG: 
Welcome to antechamber 22.0: molecular input file processor.

Info: The atom type is set to gaff; the options available to the -at flag are
 gaff, gaff2, amber, bcc, and sybyl.


DEBUG: ++++++++++end_quote+++++++++++++++++++++++++++++++++++++++++++++++++++++++++++++
DEBUG: readMol2TotalCharge: -5.00000000119849e-06
DEBUG: Net charge drift '0.000005'
==> ... charge set to 0
==> ... converting pdb input file to mol2 input file
DEBUG: '/home/bioinformatics/.local/bin/obabel' -ipdb 'ligand_fixed.pdb' -omol2 -O 'ligand.mol2'
==> * Babel OK *
==> Executing Antechamber...
DEBUG: '/home/bioinformatics/.local/lib/python3.10/site-packages/acpype/amber_linux/bin/antechamber' -dr no -i 'ligand.mol2' -fi mol2 -o 'ligand_bcc_gaff2.mol2' -fo mol2 -c bcc -nc 0 -m 1 -s 2 -df 2 -at gaff2 -pf n 
DEBUG: No file left to be removed
==> * Antechamber OK *
DEBUG: '/home/bioinformatics/.local/lib/python3.10/site-packages/acpype/amber_linux/bin/parmchk2' -i 'ligand_bcc_gaff2.mol2' -f mol2 -o 'ligand_AC.frcmod' -s 2
==> * Parmchk OK *
DEBUG: No crd or prm files left to be removed
==> Executing Tleap...
DEBUG: '/home/bioinformatics/.local/lib/python3.10/site-packages/acpype/amber_linux/bin/tleap' -f tleap.in
DEBUG: ++++++++++start_quote+++++++++++++++++++++++++++++++++++++++++++++++++++++++++++
DEBUG: 
DEBUG: ++++++++++end_quote+++++++++++++++++++++++++++++++++++++++++++++++++++++++++++++
ERROR: ++++++++++start_quote+++++++++++++++++++++++++++++++++++++++++++++++++++++++++++
ERROR: /home/bioinformatics/.local/lib/python3.10/site-packages/acpype/amber_linux/bin/teLeap: error while loading shared libraries: libhdf5_hl.so.310: cannot open shared object file: No such file or directory
ERROR: ++++++++++end_quote+++++++++++++++++++++++++++++++++++++++++++++++++++++++++++++
ERROR: Tleap failed
==> Removing temporary files...
ERROR: ACPYPE FAILED: [Errno 2] No such file or directory: 'ligand_AC.prmtop'
Traceback (most recent call last):
  File "/home/bioinformatics/.local/lib/python3.10/site-packages/acpype/cli.py", line 138, in init_main
    molecule.createMolTopol()
  File "/home/bioinformatics/.local/lib/python3.10/site-packages/acpype/topol.py", line 1115, in createMolTopol
    self.topFileData = open(self.acTopFileName).readlines()
FileNotFoundError: [Errno 2] No such file or directory: 'ligand_AC.prmtop'
Total time of execution: 2m 30s
DEBUG: No tmp folder left to be removed
