            --------------------------------------------------------
                             AMBER SQM VERSION 19
 
                                     By
              Ross C. Walker, Michael F. Crowley, Scott Brozell,
                         Tim Giese, Andreas W. Goetz,
                        Tai-Sung Lee and David A. Case
 
            --------------------------------------------------------
 

--------------------------------------------------------------------------------
  QM CALCULATION INFO
--------------------------------------------------------------------------------

| QMMM: Citation for AMBER QMMM Run:
| QMMM: R.C. Walker, M.F. Crowley and D.A. Case, J. COMP. CHEM. 29:1019, 2008

QMMM: SINGLET STATE CALCULATION
QMMM: RHF CALCULATION, NO. OF DOUBLY OCCUPIED LEVELS = 70

| QMMM: *** Selected Hamiltonian *** 
| QMMM: AM1         

| QMMM: *** Parameter sets in use ***
| QMMM: O : M.J.S.DEWAR et al. JACS, 107, 3902, (1985)
| QMMM: C : M.J.S.DEWAR et al. JACS, 107, 3902, (1985)
| QMMM: H : M.J.S.DEWAR et al. JACS, 107, 3902, (1985)

| QMMM: *** SCF convergence criteria ***
| QMMM: Energy change                :  0.1D-09 kcal/mol
| QMMM: Error matrix |FP-PF|         :  0.1D+00 au
| QMMM: Density matrix change        :  0.5D-06
| QMMM: Maximum number of SCF cycles :     1000

| QMMM: *** Diagonalization Routine Information ***
| QMMM: Pseudo diagonalizations are allowed.
| QMMM: Auto diagonalization routine selection is in use.
| QMMM:
| QMMM: Timing diagonalization routines:
| QMMM:                              norbs =      132
| QMMM:    diag iterations used for timing =       10
| QMMM:
| QMMM:              Internal diag routine = 0.042199 seconds
| QMMM:                 Dspev diag routine = 0.051321 seconds
| QMMM:                Dspevd diag routine = 0.035825 seconds
| QMMM:                Dspevx diag routine = 0.148062 seconds
| QMMM:                 Dsyev diag routine = 0.049642 seconds
| QMMM:                Dsyevd diag routine = 0.043782 seconds
| QMMM:                Dsyevr diag routine = 0.042169 seconds
| QMMM:
| QMMM:                Pseudo diag routine = 0.018843 seconds
| QMMM:
| QMMM: Using dspevd routine (diag_routine=3).

  QMMM: QM Region Cartesian Coordinates (*=link atom) 
  QMMM: QM_NO.   MM_NO.  ATOM         X         Y         Z
  QMMM:     1        1      O        7.0310   -2.9920   -0.7000
  QMMM:     2        2      O        3.7260   -0.4300    1.5480
  QMMM:     3        3      O        1.5130   -1.5370    1.6500
  QMMM:     4        4      O        5.0290    1.3740   -0.0690
  QMMM:     5        5      C        4.5210   -3.0560   -0.5310
  QMMM:     6        6      C        4.5120   -1.5050   -0.5430
  QMMM:     7        7      C        3.3290   -0.8250    0.2180
  QMMM:     8        8      C        5.8920   -3.7550   -0.2750
  QMMM:     9        9      C        1.9650   -1.5680    0.2760
  QMMM:    10       10      C        3.3530   -3.6620    0.2640
  QMMM:    11       11      C        2.0430   -3.0220   -0.1800
  QMMM:    12       12      C        5.8790   -0.8910   -0.3280
  QMMM:    13       13      C        7.0400   -1.6600   -0.4150
  QMMM:    14       14      C        6.1380   -4.2080    1.1730
  QMMM:    15       15      C        5.9610   -5.0250   -1.1610
  QMMM:    16       16      C        0.9110   -0.8050   -0.5380
  QMMM:    17       17      C        6.0600    0.4900   -0.1790
  QMMM:    18       18      C        8.3230   -1.0760   -0.3190
  QMMM:    19       19      C        8.4790    0.3060   -0.1620
  QMMM:    20       20      C        7.3180    1.0780   -0.1090
  QMMM:    21       21      C        9.8550    0.9490   -0.0540
  QMMM:    22       22      C        9.7720    2.4810   -0.0120
  QMMM:    23       23      C       11.0750    3.2620    0.0790
  QMMM:    24       24      C       10.7160    4.7560    0.0330
  QMMM:    25       25      C       11.9210    5.6680    0.1260
  QMMM:    26       26      H        4.2840   -3.3000   -1.5810
  QMMM:    27       27      H        4.3010   -1.2620   -1.5980
  QMMM:    28       28      H        3.1270    0.1190   -0.3020
  QMMM:    29       29      H        3.4910   -3.5230    1.3420
  QMMM:    30       30      H        3.2950   -4.7400    0.0790
  QMMM:    31       31      H        1.9650   -3.0850   -1.2730
  QMMM:    32       32      H        1.2070   -3.5970    0.2350
  QMMM:    33       33      H        5.4020   -4.9480    1.5070
  QMMM:    34       34      H        6.1290   -3.3650    1.8690
  QMMM:    35       35      H        7.1270   -4.6770    1.2630
  QMMM:    36       36      H        5.8190   -4.7680   -2.2180
  QMMM:    37       37      H        5.2080   -5.7680   -0.8820
  QMMM:    38       38      H        6.9510   -5.4930   -1.1020
  QMMM:    39       39      H        1.2110   -0.7000   -1.5860
  QMMM:    40       40      H        0.7540    0.1990   -0.1210
  QMMM:    41       41      H       -0.0600   -1.3080   -0.4990
  QMMM:    42       42      H        2.9150   -0.5470    2.0920
  QMMM:    43       43      H        0.6540   -1.9950    1.6910
  QMMM:    44       44      H        9.1980   -1.7190   -0.3840
  QMMM:    45       45      H        7.3320    2.1520   -0.0120
  QMMM:    46       46      H       10.3410    0.5810    0.8570
  QMMM:    47       47      H       10.4610    0.6390   -0.9130
  QMMM:    48       48      H        4.6050    1.1200    0.7790
  QMMM:    49       49      H        9.1660    2.7770    0.8560
  QMMM:    50       50      H        9.2470    2.8220   -0.9150
  QMMM:    51       51      H       11.5970    3.0240    1.0130
  QMMM:    52       52      H       11.7360    3.0030   -0.7550
  QMMM:    53       53      H       10.1800    4.9730   -0.9000
  QMMM:    54       54      H       10.0260    4.9960    0.8520
  QMMM:    55       55      H       12.6540    5.4300   -0.6490
  QMMM:    56       56      H       12.3980    5.5830    1.1060
  QMMM:    57       57      H       11.6060    6.7090   -0.0100

--------------------------------------------------------------------------------
  RESULTS
--------------------------------------------------------------------------------

      iter         sqm energy              rms gradient
      ----    -------------------    -----------------------
xmin    10     -199.8492 kcal/mol        1.2496 kcal/(mol*A)
xmin    20     -200.7395 kcal/mol        0.4982 kcal/(mol*A)
xmin    30     -200.9127 kcal/mol        0.5526 kcal/(mol*A)
xmin    40     -201.2383 kcal/mol        0.2443 kcal/(mol*A)
xmin    50     -201.3766 kcal/mol        0.1138 kcal/(mol*A)
xmin    60     -201.4001 kcal/mol        0.1993 kcal/(mol*A)
xmin    70     -201.4199 kcal/mol        0.0911 kcal/(mol*A)
xmin    80     -201.4430 kcal/mol        0.0847 kcal/(mol*A)
xmin    90     -201.4569 kcal/mol        0.0346 kcal/(mol*A)
xmin   100     -201.4610 kcal/mol        0.0416 kcal/(mol*A)
xmin   110     -201.4631 kcal/mol        0.0382 kcal/(mol*A)
xmin   120     -201.4664 kcal/mol        0.0434 kcal/(mol*A)
xmin   130     -201.4763 kcal/mol        0.0915 kcal/(mol*A)
xmin   140     -201.4968 kcal/mol        0.0552 kcal/(mol*A)
xmin   150     -201.5664 kcal/mol        0.1805 kcal/(mol*A)
xmin   160     -201.6550 kcal/mol        0.2889 kcal/(mol*A)
xmin   170     -201.8286 kcal/mol        0.4123 kcal/(mol*A)
xmin   180     -201.9159 kcal/mol        0.1338 kcal/(mol*A)
xmin   190     -201.9644 kcal/mol        0.1401 kcal/(mol*A)
xmin   200     -201.9701 kcal/mol        0.0287 kcal/(mol*A)
xmin   210     -201.7487 kcal/mol        1.6178 kcal/(mol*A)
xmin   220     -201.9714 kcal/mol        0.0168 kcal/(mol*A)
xmin   230     -201.9723 kcal/mol        0.0115 kcal/(mol*A)
xmin   240     -201.9725 kcal/mol        0.0171 kcal/(mol*A)
xmin   250     -201.9727 kcal/mol        0.0099 kcal/(mol*A)
xmin   260     -201.9728 kcal/mol        0.0018 kcal/(mol*A)
xmin   270     -201.9728 kcal/mol        0.0012 kcal/(mol*A)
  ... geometry converged !
 
 Final MO eigenvalues (eV):
 -42.0854  -40.2884  -39.3357  -37.8510  -37.0370  -36.4545  -36.0282  -34.3404
 -33.1875  -32.1651  -31.1631  -29.6918  -29.4060  -28.0321  -27.1990  -26.8184
 -24.3314  -23.6950  -23.0676  -22.6912  -21.8122  -21.4976  -20.5649  -19.1933
 -18.6331  -18.3668  -18.0038  -17.6669  -16.9322  -16.8466  -16.3425  -16.2796
 -15.9679  -15.8180  -15.4552  -15.2255  -15.0149  -14.8060  -14.7117  -14.5084
 -14.4120  -14.2345  -14.0210  -13.9146  -13.7487  -13.4840  -13.3365  -13.2890
 -13.0083  -12.9175  -12.8268  -12.7921  -12.6718  -12.5449  -12.3817  -12.3276
 -12.1610  -12.0369  -11.9135  -11.7884  -11.5267  -11.4629  -11.4294  -11.3422
 -11.2334  -11.0822  -10.8094  -10.4644   -9.0435   -8.8611    0.4010    0.6093
   2.5460    2.7692    2.8711    3.1325    3.1535    3.3651    3.4248    3.5035
   3.5887    3.6163    3.7205    3.7959    3.8399    3.9032    3.9436    4.0077
   4.0729    4.0749    4.0834    4.1651    4.2754    4.3159    4.3706    4.4038
   4.4167    4.4456    4.4689    4.5160    4.5526    4.5630    4.5853    4.6047
   4.6454    4.6832    4.7185    4.7612    4.7983    4.8353    4.8944    4.9384
   4.9528    4.9846    5.0137    5.0542    5.0798    5.1090    5.1841    5.2154
   5.2293    5.2544    5.3207    5.3963    5.4892    5.5978    5.7670    5.8898
   5.9146    6.3515    6.4155    6.6905

 Heat of formation   =       -201.97283353 kcal/mol  (       -8.75819928 eV)

 Total SCF energy    =    -101773.25658803 kcal/mol  (    -4413.21957365 eV)
 Electronic energy   =    -841995.08676307 kcal/mol  (   -36511.64679602 eV)
 Core-core repulsion =     740221.83017505 kcal/mol  (    32098.42722237 eV)
 
    Atomic Charges for Step       1 :
  Atom    Element       Mulliken Charge
     1      O                 -0.216
     2      O                 -0.340
     3      O                 -0.344
     4      O                 -0.288
     5      C                 -0.111
     6      C                 -0.035
     7      C                  0.048
     8      C                  0.089
     9      C                  0.045
    10      C                 -0.154
    11      C                 -0.180
    12      C                 -0.140
    13      C                  0.083
    14      C                 -0.236
    15      C                 -0.208
    16      C                 -0.239
    17      C                  0.096
    18      C                 -0.161
    19      C                 -0.036
    20      C                 -0.171
    21      C                 -0.123
    22      C                 -0.156
    23      C                 -0.159
    24      C                 -0.159
    25      C                 -0.210
    26      H                  0.090
    27      H                  0.104
    28      H                  0.105
    29      H                  0.114
    30      H                  0.082
    31      H                  0.083
    32      H                  0.092
    33      H                  0.082
    34      H                  0.100
    35      H                  0.089
    36      H                  0.089
    37      H                  0.081
    38      H                  0.090
    39      H                  0.090
    40      H                  0.094
    41      H                  0.077
    42      H                  0.224
    43      H                  0.209
    44      H                  0.148
    45      H                  0.147
    46      H                  0.089
    47      H                  0.087
    48      H                  0.236
    49      H                  0.085
    50      H                  0.086
    51      H                  0.078
    52      H                  0.078
    53      H                  0.079
    54      H                  0.079
    55      H                  0.071
    56      H                  0.072
    57      H                  0.072
 Total Mulliken Charge =      -0.000
 
                  X        Y        Z     TOTAL  
  QM DIPOLE    -2.040   -2.304   -0.491    3.116
 
 Final Structure

  QMMM: QM Region Cartesian Coordinates (*=link atom) 
  QMMM: QM_NO.   MM_NO.  ATOM         X         Y         Z
  QMMM:     1        1      O        6.8192   -2.4058   -1.1186
  QMMM:     2        2      O        3.4761   -1.2975    1.9613
  QMMM:     3        3      O        0.9222   -1.4465    1.1613
  QMMM:     4        4      O        4.7119    1.1484    1.4584
  QMMM:     5        5      C        4.4617   -2.8174   -0.6109
  QMMM:     6        6      C        4.3660   -1.3163   -0.2825
  QMMM:     7        7      C        3.1586   -0.9989    0.6088
  QMMM:     8        8      C        5.8882   -3.3891   -0.6049
  QMMM:     9        9      C        1.8858   -1.7543    0.1477
  QMMM:    10       10      C        3.5492   -3.6472    0.2781
  QMMM:    11       11      C        2.0990   -3.2699    0.0758
  QMMM:    12       12      C        5.6534   -0.6932    0.1457
  QMMM:    13       13      C        6.8452   -1.2438   -0.3690
  QMMM:    14       14      C        6.3450   -3.8334    0.7783
  QMMM:    15       15      C        6.0072   -4.5460   -1.5953
  QMMM:    16       16      C        1.4003   -1.2087   -1.1897
  QMMM:    17       17      C        5.7903    0.4832    0.9045
  QMMM:    18       18      C        8.0968   -0.6385   -0.2065
  QMMM:    19       19      C        8.1886    0.5576    0.5079
  QMMM:    20       20      C        7.0378    1.1019    1.0803
  QMMM:    21       21      C        9.5041    1.2320    0.6859
  QMMM:    22       22      C        9.5983    2.5027   -0.1379
  QMMM:    23       23      C       10.9256    3.1957    0.0825
  QMMM:    24       24      C       11.0261    4.4633   -0.7392
  QMMM:    25       25      C       12.3451    5.1590   -0.5235
  QMMM:    26       26      H        4.0836   -2.9246   -1.6717
  QMMM:    27       27      H        4.1278   -0.7985   -1.2667
  QMMM:    28       28      H        2.9302    0.1064    0.5345
  QMMM:    29       29      H        3.8292   -3.4930    1.3551
  QMMM:    30       30      H        3.6808   -4.7359    0.0416
  QMMM:    31       31      H        1.7431   -3.6533   -0.9162
  QMMM:    32       32      H        1.4800   -3.7681    0.8687
  QMMM:    33       33      H        5.8148   -4.7682    1.0766
  QMMM:    34       34      H        6.1333   -3.0359    1.5308
  QMMM:    35       35      H        7.4440   -4.0312    0.7633
  QMMM:    36       36      H        5.8226   -4.1855   -2.6350
  QMMM:    37       37      H        5.2627   -5.3351   -1.3388
  QMMM:    38       38      H        7.0347   -4.9786   -1.5472
  QMMM:    39       39      H        2.1418   -1.4369   -1.9915
  QMMM:    40       40      H        1.2591   -0.1032   -1.1255
  QMMM:    41       41      H        0.4230   -1.6758   -1.4612
  QMMM:    42       42      H        2.6492   -1.2719    2.4616
  QMMM:    43       43      H        0.0961   -1.8714    0.9054
  QMMM:    44       44      H        8.9860   -1.1083   -0.6498
  QMMM:    45       45      H        7.0912    2.0307    1.6672
  QMMM:    46       46      H        9.6466    1.4819    1.7722
  QMMM:    47       47      H       10.3357    0.5366    0.3932
  QMMM:    48       48      H        4.3710    0.5778    2.1680
  QMMM:    49       49      H        8.7586    3.1924    0.1420
  QMMM:    50       50      H        9.4768    2.2559   -1.2252
  QMMM:    51       51      H       11.0462    3.4432    1.1702
  QMMM:    52       52      H       11.7635    2.5024   -0.1933
  QMMM:    53       53      H       10.9046    4.2139   -1.8266
  QMMM:    54       54      H       10.1858    5.1542   -0.4639
  QMMM:    55       55      H       13.1940    4.4946   -0.8158
  QMMM:    56       56      H       12.4732    5.4376    0.5505
  QMMM:    57       57      H       12.3981    6.0899   -1.1380

           --------- Calculation Completed ----------

